Analysis & Synthesis report for target1
Mon May 18 18:11:41 2026
Quartus Prime Version 25.1std.0 Build 1129 10/21/2025 SC Lite Edition


---------------------
; Table of Contents ;
---------------------
  1. Legal Notice
  2. Analysis & Synthesis Summary
  3. Analysis & Synthesis Settings
  4. Parallel Compilation
  5. Analysis & Synthesis Messages



----------------
; Legal Notice ;
----------------
Copyright (C) 2025  Altera Corporation. All rights reserved.
Your use of Altera Corporation's design tools, logic functions 
and other software and tools, and any partner logic 
functions, and any output files from any of the foregoing 
(including device programming or simulation files), and any 
associated documentation or information are expressly subject 
to the terms and conditions of the Altera Program License 
Subscription Agreement, the Altera Quartus Prime License Agreement,
the Altera IP License Agreement, or other applicable license
agreement, including, without limitation, that your use is for
the sole purpose of programming logic devices manufactured by
Altera and sold by Altera or its authorized distributors.  Please
refer to the Altera Software License Subscription Agreements 
on the Quartus Prime software download page.



+--------------------------------------------------------------------------------------+
; Analysis & Synthesis Summary                                                         ;
+------------------------------------+-------------------------------------------------+
; Analysis & Synthesis Status        ; Failed - Mon May 18 18:11:41 2026               ;
; Quartus Prime Version              ; 25.1std.0 Build 1129 10/21/2025 SC Lite Edition ;
; Revision Name                      ; target1                                         ;
; Top-level Entity Name              ; target1                                         ;
; Family                             ; Cyclone IV E                                    ;
; Total logic elements               ; N/A until Partition Merge                       ;
;     Total combinational functions  ; N/A until Partition Merge                       ;
;     Dedicated logic registers      ; N/A until Partition Merge                       ;
; Total registers                    ; N/A until Partition Merge                       ;
; Total pins                         ; N/A until Partition Merge                       ;
; Total virtual pins                 ; N/A until Partition Merge                       ;
; Total memory bits                  ; N/A until Partition Merge                       ;
; Embedded Multiplier 9-bit elements ; N/A until Partition Merge                       ;
; Total PLLs                         ; N/A until Partition Merge                       ;
+------------------------------------+-------------------------------------------------+


+------------------------------------------------------------------------------------------------------------+
; Analysis & Synthesis Settings                                                                              ;
+------------------------------------------------------------------+--------------------+--------------------+
; Option                                                           ; Setting            ; Default Value      ;
+------------------------------------------------------------------+--------------------+--------------------+
; Device                                                           ; EP4CE115F29C7      ;                    ;
; Top-level entity name                                            ; target1            ; target1            ;
; Family name                                                      ; Cyclone IV E       ; Cyclone V          ;
; Use smart compilation                                            ; Off                ; Off                ;
; Enable parallel Assembler and Timing Analyzer during compilation ; On                 ; On                 ;
; Enable compact report table                                      ; Off                ; Off                ;
; Restructure Multiplexers                                         ; Auto               ; Auto               ;
; Create Debugging Nodes for IP Cores                              ; Off                ; Off                ;
; Preserve fewer node names                                        ; On                 ; On                 ;
; Intel FPGA IP Evaluation Mode                                    ; Enable             ; Enable             ;
; Verilog Version                                                  ; Verilog_2001       ; Verilog_2001       ;
; VHDL Version                                                     ; VHDL_1993          ; VHDL_1993          ;
; State Machine Processing                                         ; Auto               ; Auto               ;
; Safe State Machine                                               ; Off                ; Off                ;
; Extract Verilog State Machines                                   ; On                 ; On                 ;
; Extract VHDL State Machines                                      ; On                 ; On                 ;
; Ignore Verilog initial constructs                                ; Off                ; Off                ;
; Iteration limit for constant Verilog loops                       ; 5000               ; 5000               ;
; Iteration limit for non-constant Verilog loops                   ; 250                ; 250                ;
; Add Pass-Through Logic to Inferred RAMs                          ; On                 ; On                 ;
; Infer RAMs from Raw Logic                                        ; On                 ; On                 ;
; Parallel Synthesis                                               ; On                 ; On                 ;
; DSP Block Balancing                                              ; Auto               ; Auto               ;
; NOT Gate Push-Back                                               ; On                 ; On                 ;
; Power-Up Don't Care                                              ; On                 ; On                 ;
; Remove Redundant Logic Cells                                     ; Off                ; Off                ;
; Remove Duplicate Registers                                       ; On                 ; On                 ;
; Ignore CARRY Buffers                                             ; Off                ; Off                ;
; Ignore CASCADE Buffers                                           ; Off                ; Off                ;
; Ignore GLOBAL Buffers                                            ; Off                ; Off                ;
; Ignore ROW GLOBAL Buffers                                        ; Off                ; Off                ;
; Ignore LCELL Buffers                                             ; Off                ; Off                ;
; Ignore SOFT Buffers                                              ; On                 ; On                 ;
; Limit AHDL Integers to 32 Bits                                   ; Off                ; Off                ;
; Optimization Technique                                           ; Balanced           ; Balanced           ;
; Carry Chain Length                                               ; 70                 ; 70                 ;
; Auto Carry Chains                                                ; On                 ; On                 ;
; Auto Open-Drain Pins                                             ; On                 ; On                 ;
; Perform WYSIWYG Primitive Resynthesis                            ; Off                ; Off                ;
; Auto ROM Replacement                                             ; On                 ; On                 ;
; Auto RAM Replacement                                             ; On                 ; On                 ;
; Auto DSP Block Replacement                                       ; On                 ; On                 ;
; Auto Shift Register Replacement                                  ; Auto               ; Auto               ;
; Allow Shift Register Merging across Hierarchies                  ; Auto               ; Auto               ;
; Auto Clock Enable Replacement                                    ; On                 ; On                 ;
; Strict RAM Replacement                                           ; Off                ; Off                ;
; Allow Synchronous Control Signals                                ; On                 ; On                 ;
; Force Use of Synchronous Clear Signals                           ; Off                ; Off                ;
; Auto RAM Block Balancing                                         ; On                 ; On                 ;
; Auto RAM to Logic Cell Conversion                                ; Off                ; Off                ;
; Auto Resource Sharing                                            ; Off                ; Off                ;
; Allow Any RAM Size For Recognition                               ; Off                ; Off                ;
; Allow Any ROM Size For Recognition                               ; Off                ; Off                ;
; Allow Any Shift Register Size For Recognition                    ; Off                ; Off                ;
; Use LogicLock Constraints during Resource Balancing              ; On                 ; On                 ;
; Ignore translate_off and synthesis_off directives                ; Off                ; Off                ;
; Timing-Driven Synthesis                                          ; On                 ; On                 ;
; Report Parameter Settings                                        ; On                 ; On                 ;
; Report Source Assignments                                        ; On                 ; On                 ;
; Report Connectivity Checks                                       ; On                 ; On                 ;
; Ignore Maximum Fan-Out Assignments                               ; Off                ; Off                ;
; Synchronization Register Chain Length                            ; 2                  ; 2                  ;
; Power Optimization During Synthesis                              ; Normal compilation ; Normal compilation ;
; HDL message level                                                ; Level2             ; Level2             ;
; Suppress Register Optimization Related Messages                  ; Off                ; Off                ;
; Number of Removed Registers Reported in Synthesis Report         ; 5000               ; 5000               ;
; Number of Swept Nodes Reported in Synthesis Report               ; 5000               ; 5000               ;
; Number of Inverted Registers Reported in Synthesis Report        ; 100                ; 100                ;
; Clock MUX Protection                                             ; On                 ; On                 ;
; Auto Gated Clock Conversion                                      ; Off                ; Off                ;
; Block Design Naming                                              ; Auto               ; Auto               ;
; SDC constraint protection                                        ; Off                ; Off                ;
; Synthesis Effort                                                 ; Auto               ; Auto               ;
; Shift Register Replacement - Allow Asynchronous Clear Signal     ; On                 ; On                 ;
; Pre-Mapping Resynthesis Optimization                             ; Off                ; Off                ;
; Analysis & Synthesis Message Level                               ; Medium             ; Medium             ;
; Disable Register Merging Across Hierarchies                      ; Auto               ; Auto               ;
; Resource Aware Inference For Block RAM                           ; On                 ; On                 ;
+------------------------------------------------------------------+--------------------+--------------------+


+------------------------------------------+
; Parallel Compilation                     ;
+----------------------------+-------------+
; Processors                 ; Number      ;
+----------------------------+-------------+
; Number detected on machine ; 28          ;
; Maximum allowed            ; 16          ;
;                            ;             ;
; Average used               ; 1.00        ;
; Maximum used               ; 1           ;
;                            ;             ;
; Usage by Processor         ; % Time Used ;
;     Processor 1            ; 100.0%      ;
+----------------------------+-------------+


+-------------------------------+
; Analysis & Synthesis Messages ;
+-------------------------------+
Info: *******************************************************************
Info: Running Quartus Prime Analysis & Synthesis
    Info: Version 25.1std.0 Build 1129 10/21/2025 SC Lite Edition
    Info: Processing started: Mon May 18 18:11:34 2026
Info: Command: quartus_map --read_settings_files=on --write_settings_files=off target1 -c target1
Warning (18236): Number of processors has not been specified which may cause overloading on shared machines.  Set the global assignment NUM_PARALLEL_PROCESSORS in your QSF to an appropriate value for best performance.
Info (20030): Parallel compilation is enabled and will use 16 of the 20 processors detected
Info (12021): Found 10 design units, including 4 entities, in source file adder_pkg.vhd
    Info (12022): Found design unit 1: adder_pkg File: C:/Users/User/micro2026/Lab07/target1/adder_pkg.vhd Line: 4
    Info (12022): Found design unit 2: adder_pkg-body File: C:/Users/User/micro2026/Lab07/target1/adder_pkg.vhd Line: 45
    Info (12022): Found design unit 3: adder1-func File: C:/Users/User/micro2026/Lab07/target1/adder_pkg.vhd Line: 57
    Info (12022): Found design unit 4: adder4-structural File: C:/Users/User/micro2026/Lab07/target1/adder_pkg.vhd Line: 76
    Info (12022): Found design unit 5: adder8-Structural File: C:/Users/User/micro2026/Lab07/target1/adder_pkg.vhd Line: 100
    Info (12022): Found design unit 6: bcd_adder4-structural File: C:/Users/User/micro2026/Lab07/target1/adder_pkg.vhd Line: 128
    Info (12023): Found entity 1: adder1 File: C:/Users/User/micro2026/Lab07/target1/adder_pkg.vhd Line: 50
    Info (12023): Found entity 2: adder4 File: C:/Users/User/micro2026/Lab07/target1/adder_pkg.vhd Line: 66
    Info (12023): Found entity 3: adder8 File: C:/Users/User/micro2026/Lab07/target1/adder_pkg.vhd Line: 90
    Info (12023): Found entity 4: bcd_adder4 File: C:/Users/User/micro2026/Lab07/target1/adder_pkg.vhd Line: 118
Info (12021): Found 3 design units, including 1 entities, in source file shift_reg_pkg.vhd
    Info (12022): Found design unit 1: shift_reg_pkg File: C:/Users/User/micro2026/Lab07/target1/shift_reg_pkg.vhd Line: 5
    Info (12022): Found design unit 2: shift_register-structural File: C:/Users/User/micro2026/Lab07/target1/shift_reg_pkg.vhd Line: 38
    Info (12023): Found entity 1: shift_register File: C:/Users/User/micro2026/Lab07/target1/shift_reg_pkg.vhd Line: 25
Info (12021): Found 4 design units, including 1 entities, in source file sevenseg_pkg.vhd
    Info (12022): Found design unit 1: sevenseg_pkg File: C:/Users/User/micro2026/Lab07/target1/sevenseg_pkg.vhd Line: 4
    Info (12022): Found design unit 2: sevenseg_pkg-body File: C:/Users/User/micro2026/Lab07/target1/sevenseg_pkg.vhd Line: 13
    Info (12022): Found design unit 3: hex_to_7seg-structural File: C:/Users/User/micro2026/Lab07/target1/sevenseg_pkg.vhd Line: 27
    Info (12023): Found entity 1: hex_to_7seg File: C:/Users/User/micro2026/Lab07/target1/sevenseg_pkg.vhd Line: 20
Info (12021): Found 2 design units, including 1 entities, in source file target1.vhd
    Info (12022): Found design unit 1: target1-structural File: C:/Users/User/micro2026/Lab07/target1/target1.vhd Line: 18
    Info (12023): Found entity 1: target1 File: C:/Users/User/micro2026/Lab07/target1/target1.vhd Line: 6
Error (10500): VHDL syntax error at divider_pkg.vhd(47) near text "port";  expecting "(", or "'", or "." File: C:/Users/User/micro2026/Lab07/target1/divider_pkg.vhd Line: 47
Error (10500): VHDL syntax error at divider_pkg.vhd(47) near text ";";  expecting ":=", or "<=" File: C:/Users/User/micro2026/Lab07/target1/divider_pkg.vhd Line: 47
Error (10500): VHDL syntax error at divider_pkg.vhd(52) near text "port";  expecting "(", or "'", or "." File: C:/Users/User/micro2026/Lab07/target1/divider_pkg.vhd Line: 52
Error (10500): VHDL syntax error at divider_pkg.vhd(52) near text ";";  expecting ":=", or "<=" File: C:/Users/User/micro2026/Lab07/target1/divider_pkg.vhd Line: 52
Error (10500): VHDL syntax error at divider_pkg.vhd(56) near text "port";  expecting "(", or "'", or "." File: C:/Users/User/micro2026/Lab07/target1/divider_pkg.vhd Line: 56
Error (10500): VHDL syntax error at divider_pkg.vhd(56) near text "open";  expecting "(", or an identifier ("open" is a reserved keyword), or  unary operator File: C:/Users/User/micro2026/Lab07/target1/divider_pkg.vhd Line: 56
Error (10500): VHDL syntax error at divider_pkg.vhd(67) near text ";";  expecting ")", or "," File: C:/Users/User/micro2026/Lab07/target1/divider_pkg.vhd Line: 67
Error (10500): VHDL syntax error at divider_pkg.vhd(69) near text ";";  expecting ")", or "," File: C:/Users/User/micro2026/Lab07/target1/divider_pkg.vhd Line: 69
Error (10500): VHDL syntax error at divider_pkg.vhd(77) near text ";";  expecting ")", or "," File: C:/Users/User/micro2026/Lab07/target1/divider_pkg.vhd Line: 77
Info (12021): Found 0 design units, including 0 entities, in source file divider_pkg.vhd
Error: Quartus Prime Analysis & Synthesis was unsuccessful. 9 errors, 1 warning
    Error: Peak virtual memory: 4809 megabytes
    Error: Processing ended: Mon May 18 18:11:41 2026
    Error: Elapsed time: 00:00:07
    Error: Total CPU time (on all processors): 00:00:23


